
****** PlanAhead v14.7 (64-bit)
  **** Build 321239 by xbuild on Fri Sep 27 19:24:36 MDT 2013
    ** Copyright 1986-1999, 2001-2013 Xilinx, Inc. All Rights Reserved.

INFO: [Common 17-78] Attempting to get a license: PlanAhead
INFO: [Common 17-290] Got license for PlanAhead
INFO: [Device 21-36] Loading parts and site information from /opt/Xilinx/14.7/ISE_DS/PlanAhead/data/parts/arch.xml
Parsing RTL primitives file [/opt/Xilinx/14.7/ISE_DS/PlanAhead/data/parts/xilinx/rtl/prims/rtl_prims.xml]
Finished parsing RTL primitives file [/opt/Xilinx/14.7/ISE_DS/PlanAhead/data/parts/xilinx/rtl/prims/rtl_prims.xml]
start_gui
source /mnt/hgfs/patrick/Dropbox/University-College-London/UCL-CS/Year-3/Research-Project/cpu-fpga-nwofle/hw/led-flash/pa.fromNetlist.tcl
# create_project -name led-flash -dir "/mnt/hgfs/patrick/Dropbox/University-College-London/UCL-CS/Year-3/Research-Project/cpu-fpga-nwofle/hw/led-flash/planAhead_run_1" -part xc3s500evq100-5
# set_property design_mode GateLvl [get_property srcset [current_run -impl]]
# set_property edif_top_file "/mnt/hgfs/patrick/Dropbox/University-College-London/UCL-CS/Year-3/Research-Project/cpu-fpga-nwofle/hw/led-flash/led.ngc" [ get_property srcset [ current_run ] ]
# add_files -norecurse { {/mnt/hgfs/patrick/Dropbox/University-College-London/UCL-CS/Year-3/Research-Project/cpu-fpga-nwofle/hw/led-flash} }
# set_param project.pinAheadLayout  yes
# set_property target_constrs_file "led_test.ucf" [current_fileset -constrset]
Adding file '/mnt/hgfs/patrick/Dropbox/University-College-London/UCL-CS/Year-3/Research-Project/cpu-fpga-nwofle/hw/led-flash/led_test.ucf' to fileset 'constrs_1'
# add_files [list {led_test.ucf}] -fileset [get_property constrset [current_run]]
# link_design
Design is defaulting to srcset: sources_1
Design is defaulting to constrset: constrs_1
Design is defaulting to project part: xc3s500evq100-5
Release 14.7 - ngc2edif P.20131013 (lin64)
Copyright (c) 1995-2013 Xilinx, Inc.  All rights reserved.

Release 14.7 - ngc2edif P.20131013 (lin64)
Copyright (c) 1995-2013 Xilinx, Inc.  All rights reserved.
Reading design led.ngc ...
WARNING:NetListWriters:298 - No output is written to led.xncf, ignored.
Processing design ...
   Preping design's networks ...
   Preping design's macros ...
  finished :Prep
Writing EDIF netlist file led.edif ...
ngc2edif: Total memory usage is 103880 kilobytes

Parsing EDIF File [./planAhead_run_1/led-flash.data/cache/led_ngc_6457c177.edif]
Finished Parsing EDIF File [./planAhead_run_1/led-flash.data/cache/led_ngc_6457c177.edif]
INFO: [Designutils 20-910] Reading macro library /opt/Xilinx/14.7/ISE_DS/PlanAhead/data/./parts/xilinx/spartan3e/spartan3e/hd_int_macros.edn
Parsing EDIF File [/opt/Xilinx/14.7/ISE_DS/PlanAhead/data/./parts/xilinx/spartan3e/spartan3e/hd_int_macros.edn]
Finished Parsing EDIF File [/opt/Xilinx/14.7/ISE_DS/PlanAhead/data/./parts/xilinx/spartan3e/spartan3e/hd_int_macros.edn]
Loading clock regions from /opt/Xilinx/14.7/ISE_DS/PlanAhead/data/parts/xilinx/spartan3e/spartan3e/xc3s500e/ClockRegion.xml
Loading clock buffers from /opt/Xilinx/14.7/ISE_DS/PlanAhead/data/parts/xilinx/spartan3e/spartan3e/xc3s500e/ClockBuffers.xml
Loading package from /opt/Xilinx/14.7/ISE_DS/PlanAhead/data/parts/xilinx/spartan3e/spartan3e/xc3s500e/vq100/Package.xml
Loading io standards from /opt/Xilinx/14.7/ISE_DS/PlanAhead/data/./parts/xilinx/spartan3e/IOStandards.xml
INFO: [Device 21-19] Loading pkg sso from /opt/Xilinx/14.7/ISE_DS/PlanAhead/data/parts/xilinx/spartan3e/spartan3e/xc3s500e/vq100/SSORules.xml
Loading list of drcs for the architecture : /opt/Xilinx/14.7/ISE_DS/PlanAhead/data/./parts/xilinx/spartan3e/spartan3e/drc.xml
INFO: [Timing 38-77] Reading timing library /opt/Xilinx/14.7/ISE_DS/PlanAhead/data/parts/xilinx/spartan3e/spartan3e/spartan3e-5.lib.
INFO: [Timing 38-34] Done reading timing library /opt/Xilinx/14.7/ISE_DS/PlanAhead/data/parts/xilinx/spartan3e/spartan3e/spartan3e-5.lib.
Parsing UCF File [/mnt/hgfs/patrick/Dropbox/University-College-London/UCL-CS/Year-3/Research-Project/cpu-fpga-nwofle/hw/led-flash/led_test.ucf]
CRITICAL WARNING: [Designutils 20-30] Unrecognized site F12 [/mnt/hgfs/patrick/Dropbox/University-College-London/UCL-CS/Year-3/Research-Project/cpu-fpga-nwofle/hw/led-flash/led_test.ucf:1]
CRITICAL WARNING: [Designutils 20-30] Unrecognized site E12 [/mnt/hgfs/patrick/Dropbox/University-College-London/UCL-CS/Year-3/Research-Project/cpu-fpga-nwofle/hw/led-flash/led_test.ucf:2]
Finished Parsing UCF File [/mnt/hgfs/patrick/Dropbox/University-College-London/UCL-CS/Year-3/Research-Project/cpu-fpga-nwofle/hw/led-flash/led_test.ucf]
INFO: [Designutils 20-20] Invalid constraints found, use command 'write_ucf -constraints invalid <file>' to save all the invalid constraints to a file
INFO: [Project 1-111] Unisim Transformation Summary:
No Unisim elements were transformed.

Phase 0 | Netlist Checksum: 0de839d7
link_design: Time (s): cpu = 00:00:08 ; elapsed = 00:00:05 . Memory (MB): peak = 2810.344 ; gain = 113.637
exit
ERROR: [Common 17-39] 'stop_gui' failed due to earlier errors.
INFO: [Common 17-206] Exiting PlanAhead at Tue Oct 13 18:18:56 2020...
INFO: [Common 17-83] Releasing license: PlanAhead
